<?xml version="1.0" encoding="UTF-8"?>
<!-- Generated by org.testng.reporters.JUnitXMLReporter -->
<testsuite ignored="0" hostname="DESKTOP-VLQ8BBP" failures="0" tests="3" name="Default test" time="50.324" errors="0" timestamp="2021-08-05T21:39:07 IST">
  <testcase classname="Academy.HomepageTest" name="FeatureTextCheck" time="0.043"/>
  <testcase classname="Academy.HomepageTest" name="checkMenuBarContact" time="0.254"/>
  <testcase classname="Academy.HomepageTest" name="menubarnav" time="0.603"/>
</testsuite> <!-- Default test -->
