<?xml version="1.0" encoding="UTF-8"?>
<!-- Generated by org.testng.reporters.JUnitXMLReporter -->
<testsuite ignored="0" hostname="DESKTOP-EI461A6" failures="0" tests="3" name="homepagevalidation" time="8.49" errors="0" timestamp="2021-08-25T15:49:49 IST">
  <testcase classname="Academy.HomepageTest" name="FeatureTextCheck" time="0.034"/>
  <testcase classname="Academy.HomepageTest" name="checkMenuBarContact" time="0.224"/>
  <testcase classname="Academy.HomepageTest" name="menubarnav" time="2.2"/>
</testsuite> <!-- homepagevalidation -->
