<?xml version="1.0" encoding="UTF-8"?>
<testng-results ignored="0" total="5" passed="5" failed="0" skipped="0">
  <reporter-output>
  </reporter-output>
  <suite started-at="2021-08-25T15:49:41 IST" name="Suite" finished-at="2021-08-25T15:49:57 IST" duration-ms="16644">
    <groups>
    </groups>
    <test started-at="2021-08-25T15:49:41 IST" name="homepagevalidation" finished-at="2021-08-25T15:49:49 IST" duration-ms="8490">
      <class name="Academy.HomepageTest">
        <test-method is-config="true" signature="beforeTest()[pri:0, instance:Academy.HomepageTest@5b444398]" started-at="2021-08-25T15:49:41 IST" name="beforeTest" finished-at="2021-08-25T15:49:46 IST" duration-ms="5222" status="PASS">
          <reporter-output>
          </reporter-output>
        </test-method> <!-- beforeTest -->
        <test-method signature="FeatureTextCheck()[pri:0, instance:Academy.HomepageTest@5b444398]" started-at="2021-08-25T15:49:46 IST" name="FeatureTextCheck" finished-at="2021-08-25T15:49:46 IST" duration-ms="34" status="PASS">
          <reporter-output>
          </reporter-output>
        </test-method> <!-- FeatureTextCheck -->
        <test-method signature="checkMenuBarContact()[pri:0, instance:Academy.HomepageTest@5b444398]" started-at="2021-08-25T15:49:46 IST" name="checkMenuBarContact" finished-at="2021-08-25T15:49:46 IST" duration-ms="224" status="PASS">
          <reporter-output>
          </reporter-output>
        </test-method> <!-- checkMenuBarContact -->
        <test-method signature="menubarnav()[pri:0, instance:Academy.HomepageTest@5b444398]" started-at="2021-08-25T15:49:46 IST" name="menubarnav" finished-at="2021-08-25T15:49:48 IST" duration-ms="2200" status="PASS">
          <reporter-output>
          </reporter-output>
        </test-method> <!-- menubarnav -->
        <test-method is-config="true" signature="afterTest()[pri:0, instance:Academy.HomepageTest@5b444398]" started-at="2021-08-25T15:49:48 IST" name="afterTest" finished-at="2021-08-25T15:49:49 IST" duration-ms="787" status="PASS">
          <reporter-output>
          </reporter-output>
        </test-method> <!-- afterTest -->
      </class> <!-- Academy.HomepageTest -->
    </test> <!-- homepagevalidation -->
    <test started-at="2021-08-25T15:49:49 IST" name="Loginvalidation" finished-at="2021-08-25T15:49:57 IST" duration-ms="7922">
      <class name="Academy.Loginpagetest">
        <test-method is-config="true" signature="beforeTest()[pri:0, instance:Academy.Loginpagetest@40499e4f]" started-at="2021-08-25T15:49:49 IST" name="beforeTest" finished-at="2021-08-25T15:49:54 IST" duration-ms="4795" status="PASS">
          <reporter-output>
          </reporter-output>
        </test-method> <!-- beforeTest -->
        <test-method signature="homepagelogin(java.lang.String,java.lang.String)[pri:0, instance:Academy.Loginpagetest@40499e4f]" started-at="2021-08-25T15:49:54 IST" name="homepagelogin" data-provider="getdata" finished-at="2021-08-25T15:49:56 IST" duration-ms="1678" status="PASS">
          <params>
            <param index="0">
              <value>
                <![CDATA[prity.dutta101@gmail.com]]>
              </value>
            </param>
            <param index="1">
              <value>
                <![CDATA[12345]]>
              </value>
            </param>
          </params>
          <reporter-output>
          </reporter-output>
        </test-method> <!-- homepagelogin -->
        <test-method signature="homepagelogin(java.lang.String,java.lang.String)[pri:0, instance:Academy.Loginpagetest@40499e4f]" started-at="2021-08-25T15:49:56 IST" name="homepagelogin" data-provider="getdata" finished-at="2021-08-25T15:49:57 IST" duration-ms="836" status="PASS">
          <params>
            <param index="0">
              <value>
                <![CDATA[Himanagshu86@gmail.com]]>
              </value>
            </param>
            <param index="1">
              <value>
                <![CDATA[098754]]>
              </value>
            </param>
          </params>
          <reporter-output>
          </reporter-output>
        </test-method> <!-- homepagelogin -->
        <test-method is-config="true" signature="afterTest()[pri:0, instance:Academy.Loginpagetest@40499e4f]" started-at="2021-08-25T15:49:57 IST" name="afterTest" finished-at="2021-08-25T15:49:57 IST" duration-ms="610" status="PASS">
          <reporter-output>
          </reporter-output>
        </test-method> <!-- afterTest -->
      </class> <!-- Academy.Loginpagetest -->
    </test> <!-- Loginvalidation -->
  </suite> <!-- Suite -->
</testng-results>
